Mon Feb 17 14:20:34 SGT 2025 : Apache Derby Network Server - 10.11.1.2 - (1629631) started and ready to accept connections on port 1527
----------------------------------------------------------------
Mon Feb 17 14:20:36 SGT 2025:
Booting Derby version The Apache Software Foundation - Apache Derby - 10.11.1.2 - (1629631): instance a816c00e-0195-1290-ce37-00003a131f2d 
on database directory C:\Users\amazi\Desktop\Year 3\Distibuted Systems\Assignment\DCOMS with class loader sun.misc.Launcher$AppClassLoader@6f94fa3e 
Loaded from file:/C:/Program%20Files/Java/jdk1.8.0_111/db/lib/derby.jar
java.vendor=Oracle Corporation
java.runtime.version=1.8.0_111-b14
user.dir=C:\Program Files\Java\jdk1.8.0_111\db
os.name=Windows 10
os.arch=amd64
os.version=10.0
derby.system.home=C:\Users\amazi\Desktop\Year 3\Distibuted Systems\Assignment
Database Class Loader started - derby.database.classpath=''
----------------------------------------------------------------
Mon Feb 17 14:23:31 SGT 2025: Shutting down Derby engine
----------------------------------------------------------------
Mon Feb 17 14:23:31 SGT 2025:
Shutting down instance a816c00e-0195-1290-ce37-00003a131f2d on database directory C:\Users\amazi\Desktop\Year 3\Distibuted Systems\Assignment\DCOMS with class loader sun.misc.Launcher$AppClassLoader@6f94fa3e 
----------------------------------------------------------------
